<?xml version="1.0" encoding="UTF-8"?>
<!-- Generated by org.testng.reporters.JUnitReportReporter -->
<testsuite hostname="DEVRAJ" failures="0" tests="1" name="Test_case_file.Testcase" time="10.319" errors="0" timestamp="2024-09-05T21:18:32 IST" skipped="0">
  <testcase classname="Test_case_file.Testcase" name="test" time="10.319"/>
</testsuite> <!-- Test_case_file.Testcase -->
